# JRE version: Java(TM) SE Runtime Environment (8.0_131-b11) (build 1.8.0_131-b11)
# Java VM: Java HotSpot(TM) 64-Bit Server VM (25.131-b11 mixed mode windows-amd64 compressed oops)
Heap:
 PSYoungGen      total 102400K, used 72978K [0x000000076b580000, 0x0000000774280000, 0x00000007c0000000)
  eden space 91648K, 72% used [0x000000076b580000,0x000000076f696b60,0x0000000770f00000)
  from space 10752K, 58% used [0x0000000770f00000,0x000000077152df00,0x0000000771980000)
  to   space 11264K, 0% used [0x0000000773780000,0x0000000773780000,0x0000000774280000)
 ParOldGen       total 114688K, used 11361K [0x00000006c2000000, 0x00000006c9000000, 0x000000076b580000)
  object space 114688K, 9% used [0x00000006c2000000,0x00000006c2b187e0,0x00000006c9000000)
 Metaspace       used 46330K, capacity 46848K, committed 47144K, reserved 1089536K
  class space    used 6760K, capacity 6907K, committed 6952K, reserved 1048576K
GC Heap History (10 events):
Event: 8.544 GC heap before
{Heap before GC invocations=5 (full 1):
 PSYoungGen      total 75776K, used 73570K [0x000000076b580000, 0x0000000772400000, 0x00000007c0000000)
  eden space 65024K, 100% used [0x000000076b580000,0x000000076f500000,0x000000076f500000)
  from space 10752K, 79% used [0x000000076f500000,0x000000076fd588d8,0x000000076ff80000)
  to   space 10752K, 0% used [0x0000000771980000,0x0000000771980000,0x0000000772400000)
 ParOldGen       total 114688K, used 9600K [0x00000006c2000000, 0x00000006c9000000, 0x000000076b580000)
  object space 114688K, 8% used [0x00000006c2000000,0x00000006c2960388,0x00000006c9000000)
 Metaspace       used 33004K, capacity 33256K, committed 33664K, reserved 1079296K
  class space    used 4588K, capacity 4682K, committed 4736K, reserved 1048576K
Event: 8.559 GC heap after
Heap after GC invocations=5 (full 1):
 PSYoungGen      total 102400K, used 9532K [0x000000076b580000, 0x0000000772b00000, 0x00000007c0000000)
  eden space 91648K, 0% used [0x000000076b580000,0x000000076b580000,0x0000000770f00000)
  from space 10752K, 88% used [0x0000000771980000,0x00000007722cf380,0x0000000772400000)
  to   space 10752K, 0% used [0x0000000770f00000,0x0000000770f00000,0x0000000771980000)
 ParOldGen       total 114688K, used 9608K [0x00000006c2000000, 0x00000006c9000000, 0x000000076b580000)
  object space 114688K, 8% used [0x00000006c2000000,0x00000006c2962388,0x00000006c9000000)
 Metaspace       used 33004K, capacity 33256K, committed 33664K, reserved 1079296K
  class space    used 4588K, capacity 4682K, committed 4736K, reserved 1048576K
}
Event: 9.050 GC heap before
{Heap before GC invocations=6 (full 1):
 PSYoungGen      total 102400K, used 46590K [0x000000076b580000, 0x0000000772b00000, 0x00000007c0000000)
  eden space 91648K, 40% used [0x000000076b580000,0x000000076d9b04b0,0x0000000770f00000)
  from space 10752K, 88% used [0x0000000771980000,0x00000007722cf380,0x0000000772400000)
  to   space 10752K, 0% used [0x0000000770f00000,0x0000000770f00000,0x0000000771980000)
 ParOldGen       total 114688K, used 9608K [0x00000006c2000000, 0x00000006c9000000, 0x000000076b580000)
  object space 114688K, 8% used [0x00000006c2000000,0x00000006c2962388,0x00000006c9000000)
 Metaspace       used 34944K, capacity 35176K, committed 35496K, reserved 1079296K
  class space    used 4911K, capacity 5002K, committed 5032K, reserved 1048576K
Event: 9.060 GC heap after
Heap after GC invocations=6 (full 1):
 PSYoungGen      total 102400K, used 6821K [0x000000076b580000, 0x0000000772b00000, 0x00000007c0000000)
  eden space 91648K, 0% used [0x000000076b580000,0x000000076b580000,0x0000000770f00000)
  from space 10752K, 63% used [0x0000000770f00000,0x00000007715a9610,0x0000000771980000)
  to   space 10752K, 0% used [0x0000000771980000,0x0000000771980000,0x0000000772400000)
 ParOldGen       total 114688K, used 9616K [0x00000006c2000000, 0x00000006c9000000, 0x000000076b580000)
  object space 114688K, 8% used [0x00000006c2000000,0x00000006c2964388,0x00000006c9000000)
 Metaspace       used 34944K, capacity 35176K, committed 35496K, reserved 1079296K
  class space    used 4911K, capacity 5002K, committed 5032K, reserved 1048576K
}
Event: 9.060 GC heap before
{Heap before GC invocations=7 (full 2):
 PSYoungGen      total 102400K, used 6821K [0x000000076b580000, 0x0000000772b00000, 0x00000007c0000000)
  eden space 91648K, 0% used [0x000000076b580000,0x000000076b580000,0x0000000770f00000)
  from space 10752K, 63% used [0x0000000770f00000,0x00000007715a9610,0x0000000771980000)
  to   space 10752K, 0% used [0x0000000771980000,0x0000000771980000,0x0000000772400000)
 ParOldGen       total 114688K, used 9616K [0x00000006c2000000, 0x00000006c9000000, 0x000000076b580000)
  object space 114688K, 8% used [0x00000006c2000000,0x00000006c2964388,0x00000006c9000000)
 Metaspace       used 34944K, capacity 35176K, committed 35496K, reserved 1079296K
  class space    used 4911K, capacity 5002K, committed 5032K, reserved 1048576K
Event: 9.112 GC heap after
Heap after GC invocations=7 (full 2):
 PSYoungGen      total 102400K, used 0K [0x000000076b580000, 0x0000000772b00000, 0x00000007c0000000)
  eden space 91648K, 0% used [0x000000076b580000,0x000000076b580000,0x0000000770f00000)
  from space 10752K, 0% used [0x0000000770f00000,0x0000000770f00000,0x0000000771980000)
  to   space 10752K, 0% used [0x0000000771980000,0x0000000771980000,0x0000000772400000)
 ParOldGen       total 114688K, used 11345K [0x00000006c2000000, 0x00000006c9000000, 0x000000076b580000)
  object space 114688K, 9% used [0x00000006c2000000,0x00000006c2b147e0,0x00000006c9000000)
 Metaspace       used 34944K, capacity 35176K, committed 35496K, reserved 1079296K
  class space    used 4911K, capacity 5002K, committed 5032K, reserved 1048576K
}
Event: 11.455 GC heap before
{Heap before GC invocations=8 (full 2):
 PSYoungGen      total 102400K, used 91648K [0x000000076b580000, 0x0000000772b00000, 0x00000007c0000000)
  eden space 91648K, 100% used [0x000000076b580000,0x0000000770f00000,0x0000000770f00000)
  from space 10752K, 0% used [0x0000000770f00000,0x0000000770f00000,0x0000000771980000)
  to   space 10752K, 0% used [0x0000000771980000,0x0000000771980000,0x0000000772400000)
 ParOldGen       total 114688K, used 11345K [0x00000006c2000000, 0x00000006c9000000, 0x000000076b580000)
  object space 114688K, 9% used [0x00000006c2000000,0x00000006c2b147e0,0x00000006c9000000)
 Metaspace       used 41822K, capacity 42210K, committed 42536K, reserved 1085440K
  class space    used 6028K, capacity 6133K, committed 6184K, reserved 1048576K
Event: 11.462 GC heap after
Heap after GC invocations=8 (full 2):
 PSYoungGen      total 102400K, used 7531K [0x000000076b580000, 0x0000000774700000, 0x00000007c0000000)
  eden space 91648K, 0% used [0x000000076b580000,0x000000076b580000,0x0000000770f00000)
  from space 10752K, 70% used [0x0000000771980000,0x00000007720dadd8,0x0000000772400000)
  to   space 10752K, 0% used [0x0000000770f00000,0x0000000770f00000,0x0000000771980000)
 ParOldGen       total 114688K, used 11353K [0x00000006c2000000, 0x00000006c9000000, 0x000000076b580000)
  object space 114688K, 9% used [0x00000006c2000000,0x00000006c2b167e0,0x00000006c9000000)
 Metaspace       used 41822K, capacity 42210K, committed 42536K, reserved 1085440K
  class space    used 6028K, capacity 6133K, committed 6184K, reserved 1048576K
}
Event: 31.175 GC heap before
{Heap before GC invocations=9 (full 2):
 PSYoungGen      total 102400K, used 96415K [0x000000076b580000, 0x0000000774700000, 0x00000007c0000000)
  eden space 91648K, 96% used [0x000000076b580000,0x0000000770c4cfd0,0x0000000770f00000)
  from space 10752K, 70% used [0x0000000771980000,0x00000007720dadd8,0x0000000772400000)
  to   space 10752K, 0% used [0x0000000770f00000,0x0000000770f00000,0x0000000771980000)
 ParOldGen       total 114688K, used 11353K [0x00000006c2000000, 0x00000006c9000000, 0x000000076b580000)
  object space 114688K, 9% used [0x00000006c2000000,0x00000006c2b167e0,0x00000006c9000000)
 Metaspace       used 45860K, capacity 46312K, committed 46632K, reserved 1089536K
  class space    used 6727K, capacity 6855K, committed 6952K, reserved 1048576K
Event: 31.183 GC heap after
Heap after GC invocations=9 (full 2):
 PSYoungGen      total 102400K, used 6327K [0x000000076b580000, 0x0000000774280000, 0x00000007c0000000)
  eden space 91648K, 0% used [0x000000076b580000,0x000000076b580000,0x0000000770f00000)
  from space 10752K, 58% used [0x0000000770f00000,0x000000077152df00,0x0000000771980000)
  to   space 11264K, 0% used [0x0000000773780000,0x0000000773780000,0x0000000774280000)
 ParOldGen       total 114688K, used 11361K [0x00000006c2000000, 0x00000006c9000000, 0x000000076b580000)
  object space 114688K, 9% used [0x00000006c2000000,0x00000006c2b187e0,0x00000006c9000000)
 Metaspace       used 45860K, capacity 46312K, committed 46632K, reserved 1089536K
  class space    used 6727K, capacity 6855K, committed 6952K, reserved 1048576K
}

